<?xml version="1.0" encoding="UTF-8"?>
<testng-results ignored="0" total="4" passed="4" failed="0" skipped="0">
  <reporter-output>
  </reporter-output>
  <suite started-at="2022-10-26T00:35:48 IST" name="Default suite" finished-at="2022-10-26T00:35:49 IST" duration-ms="130">
    <groups>
    </groups>
    <test started-at="2022-10-26T00:35:48 IST" name="Default test" finished-at="2022-10-26T00:35:49 IST" duration-ms="130">
      <class name="testpack.TestNg">
        <test-method is-config="true" signature="beforetest()[pri:0, instance:testpack.TestNg@429bffaa]" started-at="2022-10-26T00:35:48 IST" name="beforetest" finished-at="2022-10-26T00:35:49 IST" duration-ms="12" status="PASS">
          <reporter-output>
          </reporter-output>
        </test-method> <!-- beforetest -->
        <test-method is-config="true" signature="beforeclass()[pri:0, instance:testpack.TestNg@429bffaa]" started-at="2022-10-26T00:35:49 IST" name="beforeclass" finished-at="2022-10-26T00:35:49 IST" duration-ms="3" status="PASS">
          <reporter-output>
          </reporter-output>
        </test-method> <!-- beforeclass -->
        <test-method is-config="true" signature="beforeMethod()[pri:0, instance:testpack.TestNg@429bffaa]" started-at="2022-10-26T00:35:49 IST" name="beforeMethod" finished-at="2022-10-26T00:35:49 IST" duration-ms="1" status="PASS">
          <reporter-output>
          </reporter-output>
        </test-method> <!-- beforeMethod -->
        <test-method signature="test1()[pri:0, instance:testpack.TestNg@429bffaa]" started-at="2022-10-26T00:35:49 IST" name="test1" finished-at="2022-10-26T00:35:49 IST" duration-ms="9" status="PASS">
          <reporter-output>
          </reporter-output>
        </test-method> <!-- test1 -->
        <test-method is-config="true" signature="afterMethod()[pri:0, instance:testpack.TestNg@429bffaa]" started-at="2022-10-26T00:35:49 IST" name="afterMethod" finished-at="2022-10-26T00:35:49 IST" duration-ms="1" status="PASS">
          <reporter-output>
          </reporter-output>
        </test-method> <!-- afterMethod -->
        <test-method is-config="true" signature="beforeMethod()[pri:0, instance:testpack.TestNg@429bffaa]" started-at="2022-10-26T00:35:49 IST" name="beforeMethod" finished-at="2022-10-26T00:35:49 IST" duration-ms="1" status="PASS">
          <reporter-output>
          </reporter-output>
        </test-method> <!-- beforeMethod -->
        <test-method signature="test2()[pri:0, instance:testpack.TestNg@429bffaa]" started-at="2022-10-26T00:35:49 IST" name="test2" finished-at="2022-10-26T00:35:49 IST" duration-ms="3" status="PASS">
          <reporter-output>
          </reporter-output>
        </test-method> <!-- test2 -->
        <test-method is-config="true" signature="afterMethod()[pri:0, instance:testpack.TestNg@429bffaa]" started-at="2022-10-26T00:35:49 IST" name="afterMethod" finished-at="2022-10-26T00:35:49 IST" duration-ms="1" status="PASS">
          <reporter-output>
          </reporter-output>
        </test-method> <!-- afterMethod -->
        <test-method signature="test3()[pri:0, instance:testpack.TestNg@429bffaa]" started-at="2022-10-26T00:35:49 IST" name="test3" finished-at="2022-10-26T00:35:49 IST" duration-ms="6" status="PASS">
          <reporter-output>
          </reporter-output>
        </test-method> <!-- test3 -->
        <test-method is-config="true" signature="beforeMethod()[pri:0, instance:testpack.TestNg@429bffaa]" started-at="2022-10-26T00:35:49 IST" name="beforeMethod" finished-at="2022-10-26T00:35:49 IST" duration-ms="0" status="PASS">
          <reporter-output>
          </reporter-output>
        </test-method> <!-- beforeMethod -->
        <test-method is-config="true" signature="afterMethod()[pri:0, instance:testpack.TestNg@429bffaa]" started-at="2022-10-26T00:35:49 IST" name="afterMethod" finished-at="2022-10-26T00:35:49 IST" duration-ms="1" status="PASS">
          <reporter-output>
          </reporter-output>
        </test-method> <!-- afterMethod -->
        <test-method is-config="true" signature="beforeMethod()[pri:0, instance:testpack.TestNg@429bffaa]" started-at="2022-10-26T00:35:49 IST" name="beforeMethod" finished-at="2022-10-26T00:35:49 IST" duration-ms="1" status="PASS">
          <reporter-output>
          </reporter-output>
        </test-method> <!-- beforeMethod -->
        <test-method signature="test4()[pri:0, instance:testpack.TestNg@429bffaa]" started-at="2022-10-26T00:35:49 IST" name="test4" finished-at="2022-10-26T00:35:49 IST" duration-ms="4" status="PASS">
          <reporter-output>
          </reporter-output>
        </test-method> <!-- test4 -->
        <test-method is-config="true" signature="afterMethod()[pri:0, instance:testpack.TestNg@429bffaa]" started-at="2022-10-26T00:35:49 IST" name="afterMethod" finished-at="2022-10-26T00:35:49 IST" duration-ms="1" status="PASS">
          <reporter-output>
          </reporter-output>
        </test-method> <!-- afterMethod -->
        <test-method is-config="true" signature="afterclass()[pri:0, instance:testpack.TestNg@429bffaa]" started-at="2022-10-26T00:35:49 IST" name="afterclass" finished-at="2022-10-26T00:35:49 IST" duration-ms="0" status="PASS">
          <reporter-output>
          </reporter-output>
        </test-method> <!-- afterclass -->
        <test-method is-config="true" signature="aftertest()[pri:0, instance:testpack.TestNg@429bffaa]" started-at="2022-10-26T00:35:49 IST" name="aftertest" finished-at="2022-10-26T00:35:49 IST" duration-ms="0" status="PASS">
          <reporter-output>
          </reporter-output>
        </test-method> <!-- aftertest -->
      </class> <!-- testpack.TestNg -->
    </test> <!-- Default test -->
  </suite> <!-- Default suite -->
</testng-results>
