<?xml version="1.0" encoding="UTF-8"?>
<!-- Generated by org.testng.reporters.JUnitXMLReporter -->
<testsuite ignored="0" hostname="DESKTOP-ASKAAMO" failures="0" tests="4" name="Default test" time="0.13" errors="0" timestamp="2022-10-26T00:35:49 IST">
  <testcase classname="testpack.TestNg" name="test1" time="0.009"/>
  <testcase classname="testpack.TestNg" name="test2" time="0.003"/>
  <testcase classname="testpack.TestNg" name="test3" time="0.006"/>
  <testcase classname="testpack.TestNg" name="test4" time="0.004"/>
</testsuite> <!-- Default test -->
