<?xml version="1.0" encoding="UTF-8"?>
<!-- Generated by org.testng.reporters.JUnitXMLReporter -->
<testsuite ignored="2" hostname="DESKTOP-ASKAAMO" failures="0" tests="4" name="Test1234" time="0.138" errors="0" timestamp="2022-10-25T20:46:09 IST">
  <testcase classname="testpack.TestNg01" name="test3" time="0.009"/>
  <testcase classname="testpack.TestNg01" name="test4" time="0.004"/>
  <testcase classname="testpack.TestNg" name="test1" time="0.003"/>
  <testcase classname="testpack.TestNg" name="test2" time="0.004"/>
  <testcase classname="testpack.TestNg" name="test4" time="0.0">
    <ignored/>
  </testcase> <!-- test4 -->
  <testcase classname="testpack.TestNg" name="test3" time="0.0">
    <ignored/>
  </testcase> <!-- test3 -->
</testsuite> <!-- Test1234 -->
