<?xml version="1.0" encoding="UTF-8"?>
<!-- Generated by org.testng.reporters.JUnitXMLReporter -->
<testsuite ignored="0" hostname="DESKTOP-ASKAAMO" failures="0" tests="4" name="chrome" time="27.744" errors="0" timestamp="2022-10-26T00:33:55 IST">
  <testcase classname="testpack.Testclass" name="verifycontacttohelpbutton" time="1.97"/>
  <testcase classname="testpack.Verifytestclass" name="verifycontacttohelpbutton" time="3.353"/>
  <testcase classname="testpack.Testclass" name="verifyreturnbutton" time="2.573"/>
  <testcase classname="testpack.Verifytestclass" name="verifyreturnbutton" time="1.705"/>
</testsuite> <!-- chrome -->
